$ vite build

[36mvite v4.5.0 [32mbuilding SSR bundle for production...[36m[39m
transforming...
allThemes------>  [
  {
    christmas: {
      primary: '#166534',
      secondary: '#22c55e',
      accent: '#d10e11',
      neutral: '#fed7aa',
      'base-100': '#ef4444',
      'base-200': '#dc2626',
      'base-300': '#b91c1c',
      'base-content': '#ffffff',
      info: '#3ecfef',
      success: '#189a62',
      warning: '#f4b762',
      error: '#e52d1f',
      '--rounded-btn': '1.9rem'
    }
  },
  'synthwave',
  'night',
  'lofi',
  'christmas',
  'black',
  'dark',
  'halloween',
  'dracula',
  'cyberpunk',
  'business',
  'coffee',
  'forest',
  'wireframe',
  'retro',
  'luxury',
  'fantasy',
  'winter',
  'bumblebee',
  'light',
  'cupcake',
  'emerald',
  'corporate',
  'valentine',
  'garden',
  'aqua',
  'pastel',
  'cmyk',
  'autumn',
  'acid',
  'lemonade'
]
23:36:04 [vite-plugin-svelte] C:/Users/gorme/projects/valiantlynx-turborepo/packages/svelte-ui/dist/components/Breadcrumbs.svelte:24:1 Unused CSS selector ".breadcrumbs > ol"
22:   }
23:   .breadcrumbs > ul,
24:   .breadcrumbs > ol {
      ^
25:     display: flex;
26:     align-items: center;
23:36:04 [vite-plugin-svelte] C:/Users/gorme/projects/valiantlynx-turborepo/packages/svelte-ui/dist/components/Breadcrumbs.svelte:31:1 Unused CSS selector ".breadcrumbs > ol"
29:   }
30:   .breadcrumbs > ul,
31:   .breadcrumbs > ol {
      ^
32:     display: flex;
33:     align-items: center;
23:36:04 [vite-plugin-svelte] C:/Users/gorme/projects/valiantlynx-turborepo/packages/svelte-ui/dist/components/Breadcrumbs.svelte:38:1 Unused CSS selector ".breadcrumbs > ol > li"
36:   }
37:   .breadcrumbs > ul > li,
38:   .breadcrumbs > ol > li {
      ^
39:     display: flex;
40:     align-items: center;
23:36:05 [vite-plugin-svelte] C:/Users/gorme/projects/valiantlynx-turborepo/packages/svelte-ui/dist/components/Breadcrumbs.svelte:43:1 Unused CSS selector ".breadcrumbs > ol > li"
41:   }
42:   .breadcrumbs > ul > li,
43:   .breadcrumbs > ol > li {
      ^
44:     display: flex;
45:     align-items: center;
23:36:05 [vite-plugin-svelte] C:/Users/gorme/projects/valiantlynx-turborepo/packages/svelte-ui/dist/components/Breadcrumbs.svelte:48:1 Unused CSS selector ".breadcrumbs > ol > li > a"
46:   }
47:   .breadcrumbs > ul > li > a,
48:   .breadcrumbs > ol > li > a {
      ^
49:     display: flex;
50:     cursor: pointer;
23:36:05 [vite-plugin-svelte] C:/Users/gorme/projects/valiantlynx-turborepo/packages/svelte-ui/dist/components/Breadcrumbs.svelte:54:1 Unused CSS selector ".breadcrumbs > ol > li > a"
52:   }
53:   .breadcrumbs > ul > li > a,
54:   .breadcrumbs > ol > li > a {
      ^
55:     display: flex;
56:     cursor: pointer;
23:36:05 [vite-plugin-svelte] C:/Users/gorme/projects/valiantlynx-turborepo/packages/svelte-ui/dist/components/Breadcrumbs.svelte:61:2 Unused CSS selector ".breadcrumbs > ol > li > a:hover"
59:   @media (hover: hover) {
60:     .breadcrumbs > ul > li > a:hover,
61:     .breadcrumbs > ol > li > a:hover {
        ^
62:       text-decoration-line: underline;
63:     }
23:36:05 [vite-plugin-svelte] C:/Users/gorme/projects/valiantlynx-turborepo/packages/svelte-ui/dist/components/Breadcrumbs.svelte:67:2 Unused CSS selector ".breadcrumbs > ol > li > a:hover"
65:   @media (hover: hover) {
66:     .breadcrumbs > ul > li > a:hover,
67:     .breadcrumbs > ol > li > a:hover {
        ^
68:       text-decoration-line: underline;
69:     }
23:36:05 [vite-plugin-svelte] C:/Users/gorme/projects/valiantlynx-turborepo/packages/svelte-ui/dist/components/Breadcrumbs.svelte:72:1 Unused CSS selector ".breadcrumbs > ol > li > a:focus"
70:   }
71:   .breadcrumbs > ul > li > a:focus,
72:   .breadcrumbs > ol > li > a:focus {
      ^
73:     outline: 2px solid transparent;
74:     outline-offset: 2px;
23:36:05 [vite-plugin-svelte] C:/Users/gorme/projects/valiantlynx-turborepo/packages/svelte-ui/dist/components/Breadcrumbs.svelte:77:1 Unused CSS selector ".breadcrumbs > ol > li > a:focus"
75:   }
76:   .breadcrumbs > ul > li > a:focus,
77:   .breadcrumbs > ol > li > a:focus {
      ^
78:     outline: 2px solid transparent;
79:     outline-offset: 2px;
23:36:05 [vite-plugin-svelte] C:/Users/gorme/projects/valiantlynx-turborepo/packages/svelte-ui/dist/components/Breadcrumbs.svelte:82:1 Unused CSS selector ".breadcrumbs > ol > li > a:focus-visible"
80:   }
81:   .breadcrumbs > ul > li > a:focus-visible,
82:   .breadcrumbs > ol > li > a:focus-visible {
      ^
83:     outline: 2px solid currentColor;
84:     outline-offset: 2px;
23:36:05 [vite-plugin-svelte] C:/Users/gorme/projects/valiantlynx-turborepo/packages/svelte-ui/dist/components/Breadcrumbs.svelte:87:1 Unused CSS selector ".breadcrumbs > ol > li > a:focus-visible"
85:   }
86:   .breadcrumbs > ul > li > a:focus-visible,
87:   .breadcrumbs > ol > li > a:focus-visible {
      ^
88:     outline: 2px solid currentColor;
89:     outline-offset: 2px;
23:36:05 [vite-plugin-svelte] C:/Users/gorme/projects/valiantlynx-turborepo/packages/svelte-ui/dist/components/Breadcrumbs.svelte:92:1 Unused CSS selector ".breadcrumbs > ol > li + *:before"
90:   }
91:   .breadcrumbs > ul > li + *:before,
92:   .breadcrumbs > ol > li + *:before {
      ^
93:     content: '';
94:     margin-left: 0.5rem /* 8px */;
23:36:05 [vite-plugin-svelte] C:/Users/gorme/projects/valiantlynx-turborepo/packages/svelte-ui/dist/components/Breadcrumbs.svelte:109:1 Unused CSS selector ".breadcrumbs > ol > li + *:before"
107:   }
108:   .breadcrumbs > ul > li + *:before,
109:   .breadcrumbs > ol > li + *:before {
       ^
110:     content: '';
111:     margin-left: 0.5rem /* 8px */;
23:36:05 [vite-plugin-svelte] C:/Users/gorme/projects/valiantlynx-turborepo/packages/svelte-ui/dist/components/Breadcrumbs.svelte:125:1 Unused CSS selector "[dir='rtl'] .breadcrumbs > ul > li + *:before"
123:     background-color: transparent;
124:   }
125:   [dir='rtl'] .breadcrumbs > ul > li + *:before,
       ^
126:   [dir='rtl'] .breadcrumbs > ol > li + *:before {
127:     --tw-rotate: -45deg;
23:36:05 [vite-plugin-svelte] C:/Users/gorme/projects/valiantlynx-turborepo/packages/svelte-ui/dist/components/Breadcrumbs.svelte:126:1 Unused CSS selector "[dir='rtl'] .breadcrumbs > ol > li + *:before"
124:   }
125:   [dir='rtl'] .breadcrumbs > ul > li + *:before,
126:   [dir='rtl'] .breadcrumbs > ol > li + *:before {
       ^
127:     --tw-rotate: -45deg;
128:   }
23:36:05 [vite-plugin-svelte] C:/Users/gorme/projects/valiantlynx-turborepo/packages/svelte-ui/dist/components/Breadcrumbs.svelte:129:1 Unused CSS selector "[dir='rtl'] .breadcrumbs > ul > li + *:before"
127:     --tw-rotate: -45deg;
128:   }
129:   [dir='rtl'] .breadcrumbs > ul > li + *:before,
       ^
130:   [dir='rtl'] .breadcrumbs > ol > li + *:before {
131:     --tw-rotate: -45deg;
23:36:05 [vite-plugin-svelte] C:/Users/gorme/projects/valiantlynx-turborepo/packages/svelte-ui/dist/components/Breadcrumbs.svelte:130:1 Unused CSS selector "[dir='rtl'] .breadcrumbs > ol > li + *:before"
128:   }
129:   [dir='rtl'] .breadcrumbs > ul > li + *:before,
130:   [dir='rtl'] .breadcrumbs > ol > li + *:before {
       ^
131:     --tw-rotate: -45deg;
132:   }
"default" is imported from external module "short-uuid" but never used in "../../packages/svelte-rich-text/dist/components/core/toolBar.svelte".
[32m✓[39m 366 modules transformed.
rendering chunks...
[36mvite v4.5.0 [32mbuilding for production...[36m[39m
transforming...

23:36:32 [vite-plugin-svelte] C:/Users/gorme/projects/valiantlynx-turborepo/packages/svelte-ui/dist/components/Breadcrumbs.svelte:24:1 Unused CSS selector ".breadcrumbs > ol"
22:   }
23:   .breadcrumbs > ul,
24:   .breadcrumbs > ol {
      ^
25:     display: flex;
26:     align-items: center;
23:36:32 [vite-plugin-svelte] C:/Users/gorme/projects/valiantlynx-turborepo/packages/svelte-ui/dist/components/Breadcrumbs.svelte:31:1 Unused CSS selector ".breadcrumbs > ol"
29:   }
30:   .breadcrumbs > ul,
31:   .breadcrumbs > ol {
      ^
32:     display: flex;
33:     align-items: center;
23:36:32 [vite-plugin-svelte] C:/Users/gorme/projects/valiantlynx-turborepo/packages/svelte-ui/dist/components/Breadcrumbs.svelte:38:1 Unused CSS selector ".breadcrumbs > ol > li"
36:   }
37:   .breadcrumbs > ul > li,
38:   .breadcrumbs > ol > li {
      ^
39:     display: flex;
40:     align-items: center;
23:36:32 [vite-plugin-svelte] C:/Users/gorme/projects/valiantlynx-turborepo/packages/svelte-ui/dist/components/Breadcrumbs.svelte:43:1 Unused CSS selector ".breadcrumbs > ol > li"
41:   }
42:   .breadcrumbs > ul > li,
43:   .breadcrumbs > ol > li {
      ^
44:     display: flex;
45:     align-items: center;
23:36:32 [vite-plugin-svelte] C:/Users/gorme/projects/valiantlynx-turborepo/packages/svelte-ui/dist/components/Breadcrumbs.svelte:48:1 Unused CSS selector ".breadcrumbs > ol > li > a"
46:   }
47:   .breadcrumbs > ul > li > a,
48:   .breadcrumbs > ol > li > a {
      ^
49:     display: flex;
50:     cursor: pointer;
23:36:32 [vite-plugin-svelte] C:/Users/gorme/projects/valiantlynx-turborepo/packages/svelte-ui/dist/components/Breadcrumbs.svelte:54:1 Unused CSS selector ".breadcrumbs > ol > li > a"
52:   }
53:   .breadcrumbs > ul > li > a,
54:   .breadcrumbs > ol > li > a {
      ^
55:     display: flex;
56:     cursor: pointer;
23:36:32 [vite-plugin-svelte] C:/Users/gorme/projects/valiantlynx-turborepo/packages/svelte-ui/dist/components/Breadcrumbs.svelte:61:2 Unused CSS selector ".breadcrumbs > ol > li > a:hover"
59:   @media (hover: hover) {
60:     .breadcrumbs > ul > li > a:hover,
61:     .breadcrumbs > ol > li > a:hover {
        ^
62:       text-decoration-line: underline;
63:     }
23:36:32 [vite-plugin-svelte] C:/Users/gorme/projects/valiantlynx-turborepo/packages/svelte-ui/dist/components/Breadcrumbs.svelte:67:2 Unused CSS selector ".breadcrumbs > ol > li > a:hover"
65:   @media (hover: hover) {
66:     .breadcrumbs > ul > li > a:hover,
67:     .breadcrumbs > ol > li > a:hover {
        ^
68:       text-decoration-line: underline;
69:     }
23:36:32 [vite-plugin-svelte] C:/Users/gorme/projects/valiantlynx-turborepo/packages/svelte-ui/dist/components/Breadcrumbs.svelte:72:1 Unused CSS selector ".breadcrumbs > ol > li > a:focus"
70:   }
71:   .breadcrumbs > ul > li > a:focus,
72:   .breadcrumbs > ol > li > a:focus {
      ^
73:     outline: 2px solid transparent;
74:     outline-offset: 2px;
23:36:32 [vite-plugin-svelte] C:/Users/gorme/projects/valiantlynx-turborepo/packages/svelte-ui/dist/components/Breadcrumbs.svelte:77:1 Unused CSS selector ".breadcrumbs > ol > li > a:focus"
75:   }
76:   .breadcrumbs > ul > li > a:focus,
77:   .breadcrumbs > ol > li > a:focus {
      ^
78:     outline: 2px solid transparent;
79:     outline-offset: 2px;
23:36:32 [vite-plugin-svelte] C:/Users/gorme/projects/valiantlynx-turborepo/packages/svelte-ui/dist/components/Breadcrumbs.svelte:82:1 Unused CSS selector ".breadcrumbs > ol > li > a:focus-visible"
80:   }
81:   .breadcrumbs > ul > li > a:focus-visible,
82:   .breadcrumbs > ol > li > a:focus-visible {
      ^
83:     outline: 2px solid currentColor;
84:     outline-offset: 2px;
23:36:32 [vite-plugin-svelte] C:/Users/gorme/projects/valiantlynx-turborepo/packages/svelte-ui/dist/components/Breadcrumbs.svelte:87:1 Unused CSS selector ".breadcrumbs > ol > li > a:focus-visible"
85:   }
86:   .breadcrumbs > ul > li > a:focus-visible,
87:   .breadcrumbs > ol > li > a:focus-visible {
      ^
88:     outline: 2px solid currentColor;
89:     outline-offset: 2px;
23:36:32 [vite-plugin-svelte] C:/Users/gorme/projects/valiantlynx-turborepo/packages/svelte-ui/dist/components/Breadcrumbs.svelte:92:1 Unused CSS selector ".breadcrumbs > ol > li + *:before"
90:   }
91:   .breadcrumbs > ul > li + *:before,
92:   .breadcrumbs > ol > li + *:before {
      ^
93:     content: '';
94:     margin-left: 0.5rem /* 8px */;
23:36:32 [vite-plugin-svelte] C:/Users/gorme/projects/valiantlynx-turborepo/packages/svelte-ui/dist/components/Breadcrumbs.svelte:109:1 Unused CSS selector ".breadcrumbs > ol > li + *:before"
107:   }
108:   .breadcrumbs > ul > li + *:before,
109:   .breadcrumbs > ol > li + *:before {
       ^
110:     content: '';
111:     margin-left: 0.5rem /* 8px */;
23:36:32 [vite-plugin-svelte] C:/Users/gorme/projects/valiantlynx-turborepo/packages/svelte-ui/dist/components/Breadcrumbs.svelte:125:1 Unused CSS selector "[dir='rtl'] .breadcrumbs > ul > li + *:before"
123:     background-color: transparent;
124:   }
125:   [dir='rtl'] .breadcrumbs > ul > li + *:before,
       ^
126:   [dir='rtl'] .breadcrumbs > ol > li + *:before {
127:     --tw-rotate: -45deg;
23:36:32 [vite-plugin-svelte] C:/Users/gorme/projects/valiantlynx-turborepo/packages/svelte-ui/dist/components/Breadcrumbs.svelte:126:1 Unused CSS selector "[dir='rtl'] .breadcrumbs > ol > li + *:before"
124:   }
125:   [dir='rtl'] .breadcrumbs > ul > li + *:before,
126:   [dir='rtl'] .breadcrumbs > ol > li + *:before {
       ^
127:     --tw-rotate: -45deg;
128:   }
23:36:32 [vite-plugin-svelte] C:/Users/gorme/projects/valiantlynx-turborepo/packages/svelte-ui/dist/components/Breadcrumbs.svelte:129:1 Unused CSS selector "[dir='rtl'] .breadcrumbs > ul > li + *:before"
127:     --tw-rotate: -45deg;
128:   }
129:   [dir='rtl'] .breadcrumbs > ul > li + *:before,
       ^
130:   [dir='rtl'] .breadcrumbs > ol > li + *:before {
131:     --tw-rotate: -45deg;
23:36:32 [vite-plugin-svelte] C:/Users/gorme/projects/valiantlynx-turborepo/packages/svelte-ui/dist/components/Breadcrumbs.svelte:130:1 Unused CSS selector "[dir='rtl'] .breadcrumbs > ol > li + *:before"
128:   }
129:   [dir='rtl'] .breadcrumbs > ul > li + *:before,
130:   [dir='rtl'] .breadcrumbs > ol > li + *:before {
       ^
131:     --tw-rotate: -45deg;
132:   }
[32m✓[39m 380 modules transformed.
rendering chunks...
computing gzip size...
[2m.svelte-kit/output/client/[22m[32m_app/version.json                                                        [39m[1m[2m  0.03 kB[22m[1m[22m[2m │ gzip:  0.05 kB[22m
[2m.svelte-kit/output/client/[22m[32m.vite/manifest.json                                                      [39m[1m[2m 19.99 kB[22m[1m[22m[2m │ gzip:  1.74 kB[22m
[2m.svelte-kit/output/client/[22m[35m_app/immutable/assets/Toaster.3a6d0da3.css                               [39m[1m[2m  4.42 kB[22m[1m[22m[2m │ gzip:  1.20 kB[22m
[2m.svelte-kit/output/client/[22m[35m_app/immutable/assets/3.0bad4fa1.css                                     [39m[1m[2m  5.32 kB[22m[1m[22m[2m │ gzip:  1.42 kB[22m
[2m.svelte-kit/output/client/[22m[35m_app/immutable/assets/26.37dd8935.css                                    [39m[1m[2m 24.05 kB[22m[1m[22m[2m │ gzip:  4.94 kB[22m
[2m.svelte-kit/output/client/[22m[35m_app/immutable/assets/Breadcrumbs.6f4600e2.css                           [39m[1m[2m 24.41 kB[22m[1m[22m[2m │ gzip:  4.33 kB[22m
[2m.svelte-kit/output/client/[22m[35m_app/immutable/assets/0.e70a0503.css                                     [39m[1m[2m116.96 kB[22m[1m[22m[2m │ gzip: 18.15 kB[22m
[2m.svelte-kit/output/client/[22m[36m_app/immutable/chunks/environment.9aa685ef.js                            [39m[1m[2m  0.03 kB[22m[1m[22m[2m │ gzip:  0.05 kB[22m
[2m.svelte-kit/output/client/[22m[36m_app/immutable/chunks/navigation.63862aea.js                             [39m[1m[2m  0.10 kB[22m[1m[22m[2m │ gzip:  0.11 kB[22m
[2m.svelte-kit/output/client/[22m[36m_app/immutable/chunks/stores.a3957c36.js                                 [39m[1m[2m  0.24 kB[22m[1m[22m[2m │ gzip:  0.17 kB[22m
[2m.svelte-kit/output/client/[22m[36m_app/immutable/chunks/spread.8a54911c.js                                 [39m[1m[2m  0.33 kB[22m[1m[22m[2m │ gzip:  0.23 kB[22m
[2m.svelte-kit/output/client/[22m[36m_app/immutable/nodes/15.8a8a1fa4.js                                      [39m[1m[2m  0.62 kB[22m[1m[22m[2m │ gzip:  0.42 kB[22m
[2m.svelte-kit/output/client/[22m[36m_app/immutable/nodes/8.9207b050.js                                       [39m[1m[2m  0.62 kB[22m[1m[22m[2m │ gzip:  0.42 kB[22m
[2m.svelte-kit/output/client/[22m[36m_app/immutable/nodes/9.9f44d086.js                                       [39m[1m[2m  0.63 kB[22m[1m[22m[2m │ gzip:  0.43 kB[22m
[2m.svelte-kit/output/client/[22m[36m_app/immutable/chunks/each.d84602ed.js                                   [39m[1m[2m  0.92 kB[22m[1m[22m[2m │ gzip:  0.56 kB[22m
[2m.svelte-kit/output/client/[22m[36m_app/immutable/nodes/4.50226d25.js                                       [39m[1m[2m  0.99 kB[22m[1m[22m[2m │ gzip:  0.62 kB[22m
[2m.svelte-kit/output/client/[22m[36m_app/immutable/chunks/paths.e4b95534.js                                  [39m[1m[2m  1.09 kB[22m[1m[22m[2m │ gzip:  0.66 kB[22m
[2m.svelte-kit/output/client/[22m[36m_app/immutable/chunks/parse.bee59afc.js                                  [39m[1m[2m  1.23 kB[22m[1m[22m[2m │ gzip:  0.58 kB[22m
[2m.svelte-kit/output/client/[22m[36m_app/immutable/nodes/11.d93b393a.js                                      [39m[1m[2m  1.74 kB[22m[1m[22m[2m │ gzip:  0.73 kB[22m
[2m.svelte-kit/output/client/[22m[36m_app/immutable/chunks/forms.f4f2dee4.js                                  [39m[1m[2m  1.84 kB[22m[1m[22m[2m │ gzip:  0.88 kB[22m
[2m.svelte-kit/output/client/[22m[36m_app/immutable/nodes/22.26cc5f39.js                                      [39m[1m[2m  1.94 kB[22m[1m[22m[2m │ gzip:  0.95 kB[22m
[2m.svelte-kit/output/client/[22m[36m_app/immutable/chunks/Icon.b1644bf3.js                                   [39m[1m[2m  1.97 kB[22m[1m[22m[2m │ gzip:  1.03 kB[22m
[2m.svelte-kit/output/client/[22m[36m_app/immutable/nodes/5.cde607fd.js                                       [39m[1m[2m  2.27 kB[22m[1m[22m[2m │ gzip:  1.17 kB[22m
[2m.svelte-kit/output/client/[22m[36m_app/immutable/chunks/Modal.89c8d500.js                                  [39m[1m[2m  2.32 kB[22m[1m[22m[2m │ gzip:  1.11 kB[22m
[2m.svelte-kit/output/client/[22m[36m_app/immutable/chunks/singletons.a1d1c711.js                             [39m[1m[2m  2.37 kB[22m[1m[22m[2m │ gzip:  1.23 kB[22m
[2m.svelte-kit/output/client/[22m[36m_app/immutable/chunks/Toaster.svelte_svelte_type_style_lang.1cd7ed7a.js  [39m[1m[2m  2.46 kB[22m[1m[22m[2m │ gzip:  1.24 kB[22m
[2m.svelte-kit/output/client/[22m[36m_app/immutable/chunks/chunk-V5U45WB4.38357059.js                         [39m[1m[2m  2.51 kB[22m[1m[22m[2m │ gzip:  1.11 kB[22m
[2m.svelte-kit/output/client/[22m[36m_app/immutable/nodes/16.5ac0c832.js                                      [39m[1m[2m  3.36 kB[22m[1m[22m[2m │ gzip:  1.61 kB[22m
[2m.svelte-kit/output/client/[22m[36m_app/immutable/nodes/24.6ac7f73d.js                                      [39m[1m[2m  3.46 kB[22m[1m[22m[2m │ gzip:  1.09 kB[22m
[2m.svelte-kit/output/client/[22m[36m_app/immutable/chunks/Input.9b1dc2d4.js                                  [39m[1m[2m  3.66 kB[22m[1m[22m[2m │ gzip:  1.61 kB[22m
[2m.svelte-kit/output/client/[22m[36m_app/immutable/nodes/14.420212d0.js                                      [39m[1m[2m  4.25 kB[22m[1m[22m[2m │ gzip:  2.06 kB[22m
[2m.svelte-kit/output/client/[22m[36m_app/immutable/nodes/17.315ef152.js                                      [39m[1m[2m  4.58 kB[22m[1m[22m[2m │ gzip:  2.06 kB[22m
[2m.svelte-kit/output/client/[22m[36m_app/immutable/chunks/index.ffd09b9c.js                                  [39m[1m[2m  4.76 kB[22m[1m[22m[2m │ gzip:  2.39 kB[22m
[2m.svelte-kit/output/client/[22m[36m_app/immutable/chunks/Oauth2.6503b027.js                                 [39m[1m[2m  5.36 kB[22m[1m[22m[2m │ gzip:  2.16 kB[22m
[2m.svelte-kit/output/client/[22m[36m_app/immutable/chunks/BlogCards.8146bc59.js                              [39m[1m[2m  5.51 kB[22m[1m[22m[2m │ gzip:  2.22 kB[22m
[2m.svelte-kit/output/client/[22m[36m_app/immutable/nodes/25.fee498d5.js                                      [39m[1m[2m  5.52 kB[22m[1m[22m[2m │ gzip:  2.29 kB[22m
[2m.svelte-kit/output/client/[22m[36m_app/immutable/nodes/2.4f76cad0.js                                       [39m[1m[2m  5.60 kB[22m[1m[22m[2m │ gzip:  2.13 kB[22m
[2m.svelte-kit/output/client/[22m[36m_app/immutable/nodes/21.408d0d41.js                                      [39m[1m[2m  5.81 kB[22m[1m[22m[2m │ gzip:  2.28 kB[22m
[2m.svelte-kit/output/client/[22m[36m_app/immutable/nodes/6.408d0d41.js                                       [39m[1m[2m  5.81 kB[22m[1m[22m[2m │ gzip:  2.28 kB[22m
[2m.svelte-kit/output/client/[22m[36m_app/immutable/nodes/27.3279798e.js                                      [39m[1m[2m  6.60 kB[22m[1m[22m[2m │ gzip:  2.60 kB[22m
[2m.svelte-kit/output/client/[22m[36m_app/immutable/nodes/23.3279798e.js                                      [39m[1m[2m  6.60 kB[22m[1m[22m[2m │ gzip:  2.60 kB[22m
[2m.svelte-kit/output/client/[22m[36m_app/immutable/nodes/18.f6d33d57.js                                      [39m[1m[2m  7.18 kB[22m[1m[22m[2m │ gzip:  2.95 kB[22m
[2m.svelte-kit/output/client/[22m[36m_app/immutable/nodes/20.57e2fc56.js                                      [39m[1m[2m  7.72 kB[22m[1m[22m[2m │ gzip:  2.99 kB[22m
[2m.svelte-kit/output/client/[22m[36m_app/immutable/nodes/13.f6e4896a.js                                      [39m[1m[2m  8.14 kB[22m[1m[22m[2m │ gzip:  3.39 kB[22m
[2m.svelte-kit/output/client/[22m[36m_app/immutable/chunks/Chat.da350ae5.js                                   [39m[1m[2m  8.47 kB[22m[1m[22m[2m │ gzip:  3.53 kB[22m
[2m.svelte-kit/output/client/[22m[36m_app/immutable/chunks/Search.27b4a452.js                                 [39m[1m[2m  9.42 kB[22m[1m[22m[2m │ gzip:  3.54 kB[22m
[2m.svelte-kit/output/client/[22m[36m_app/immutable/chunks/scheduler.885cc43b.js                              [39m[1m[2m  9.77 kB[22m[1m[22m[2m │ gzip:  3.81 kB[22m
[2m.svelte-kit/output/client/[22m[36m_app/immutable/nodes/19.082039c8.js                                      [39m[1m[2m 10.01 kB[22m[1m[22m[2m │ gzip:  3.88 kB[22m
[2m.svelte-kit/output/client/[22m[36m_app/immutable/nodes/7.fd33e636.js                                       [39m[1m[2m 10.09 kB[22m[1m[22m[2m │ gzip:  3.89 kB[22m
[2m.svelte-kit/output/client/[22m[36m_app/immutable/nodes/12.723dfd81.js                                      [39m[1m[2m 10.32 kB[22m[1m[22m[2m │ gzip:  3.43 kB[22m
[2m.svelte-kit/output/client/[22m[36m_app/immutable/nodes/10.1042c959.js                                      [39m[1m[2m 12.31 kB[22m[1m[22m[2m │ gzip:  4.11 kB[22m
[2m.svelte-kit/output/client/[22m[36m_app/immutable/chunks/functions.93e96281.js                              [39m[1m[2m 18.99 kB[22m[1m[22m[2m │ gzip:  7.33 kB[22m
[2m.svelte-kit/output/client/[22m[36m_app/immutable/entry/app.535adcf3.js                                     [39m[1m[2m 19.65 kB[22m[1m[22m[2m │ gzip:  3.68 kB[22m
[2m.svelte-kit/output/client/[22m[36m_app/immutable/entry/start.1ceef32e.js                                   [39m[1m[2m 23.77 kB[22m[1m[22m[2m │ gzip:  9.40 kB[22m
[2m.svelte-kit/output/client/[22m[36m_app/immutable/chunks/api.b45cd026.js                                    [39m[1m[2m 33.46 kB[22m[1m[22m[2m │ gzip:  9.30 kB[22m
[2m.svelte-kit/output/client/[22m[36m_app/immutable/nodes/3.d1a35be6.js                                       [39m[1m[2m 46.86 kB[22m[1m[22m[2m │ gzip: 19.02 kB[22m
[2m.svelte-kit/output/client/[22m[36m_app/immutable/nodes/0.ad429c63.js                                       [39m[1m[2m 47.07 kB[22m[1m[22m[2m │ gzip: 14.42 kB[22m
[2m.svelte-kit/output/client/[22m[36m_app/immutable/nodes/1.ba3571ef.js                                       [39m[1m[2m102.93 kB[22m[1m[22m[2m │ gzip: 46.26 kB[22m
[2m.svelte-kit/output/client/[22m[36m_app/immutable/nodes/26.7054d834.js                                      [39m[1m[2m132.71 kB[22m[1m[22m[2m │ gzip: 39.32 kB[22m
[32m✓ built in 26.73s[39m
[36mvite v4.5.0 [32mbuilding for production...[36m[39m
transforming...
[32m✓[39m 2 modules transformed.
rendering chunks...
computing gzip size...
[2m.svelte-kit/output/client/[22m[36mservice-worker.js  [39m[1m[2m6.11 kB[22m[1m[22m[2m │ gzip: 2.08 kB[22m
[32m✓ built in 56ms[39m
[2m.svelte-kit/output/server/[22m[32m.vite/manifest.json                                      [39m[1m[2m 19.07 kB[22m[1m[22m
[2m.svelte-kit/output/server/[22m[35m_app/immutable/assets/Toaster.3a6d0da3.css               [39m[1m[2m  4.42 kB[22m[1m[22m
[2m.svelte-kit/output/server/[22m[35m_app/immutable/assets/_page.305747c2.css                 [39m[1m[2m  5.29 kB[22m[1m[22m
[2m.svelte-kit/output/server/[22m[35m_app/immutable/assets/_page.d63e8aee.css                 [39m[1m[2m 24.01 kB[22m[1m[22m
[2m.svelte-kit/output/server/[22m[35m_app/immutable/assets/Breadcrumbs.0749a369.css           [39m[1m[2m 24.35 kB[22m[1m[22m
[2m.svelte-kit/output/server/[22m[35m_app/immutable/assets/_layout.87a96a37.css               [39m[1m[2m116.92 kB[22m[1m[22m
[2m.svelte-kit/output/server/[22m[36mchunks/prod-ssr.js                                       [39m[1m[2m  0.04 kB[22m[1m[22m
[2m.svelte-kit/output/server/[22m[36mchunks/environment.js                                    [39m[1m[2m  0.08 kB[22m[1m[22m
[2m.svelte-kit/output/server/[22m[36mentries/pages/about/_page.js                             [39m[1m[2m  0.16 kB[22m[1m[22m
[2m.svelte-kit/output/server/[22m[36mentries/pages/pricing/_page.js                           [39m[1m[2m  0.16 kB[22m[1m[22m
[2m.svelte-kit/output/server/[22m[36minternal.js                                              [39m[1m[2m  0.19 kB[22m[1m[22m
[2m.svelte-kit/output/server/[22m[36mentries/pages/dashboard/_layout.server.ts.js             [39m[1m[2m  0.20 kB[22m[1m[22m
[2m.svelte-kit/output/server/[22m[36mentries/endpoints/api/logout/_server.js                  [39m[1m[2m  0.21 kB[22m[1m[22m
[2m.svelte-kit/output/server/[22m[36mentries/pages/dashboard/admin/_page.server.js            [39m[1m[2m  0.22 kB[22m[1m[22m
[2m.svelte-kit/output/server/[22m[36mentries/pages/dashboard/_page.server.js                  [39m[1m[2m  0.25 kB[22m[1m[22m
[2m.svelte-kit/output/server/[22m[36mentries/pages/contact/_page.js                           [39m[1m[2m  0.29 kB[22m[1m[22m
[2m.svelte-kit/output/server/[22m[36mentries/pages/dashboard/_page.svelte.js                  [39m[1m[2m  0.41 kB[22m[1m[22m
[2m.svelte-kit/output/server/[22m[36mentries/pages/dashboard/settings/_page.svelte.js         [39m[1m[2m  0.41 kB[22m[1m[22m
[2m.svelte-kit/output/server/[22m[36mentries/pages/_blog_/_page.server.js                     [39m[1m[2m  0.42 kB[22m[1m[22m
[2m.svelte-kit/output/server/[22m[36mentries/pages/_page.server.ts.js                         [39m[1m[2m  0.42 kB[22m[1m[22m
[2m.svelte-kit/output/server/[22m[36mentries/pages/dashboard/admin/_page.svelte.js            [39m[1m[2m  0.42 kB[22m[1m[22m
[2m.svelte-kit/output/server/[22m[36mentries/endpoints/robots.txt/_server.js                  [39m[1m[2m  0.42 kB[22m[1m[22m
[2m.svelte-kit/output/server/[22m[36mentries/pages/about/_page.svelte.js                      [39m[1m[2m  0.47 kB[22m[1m[22m
[2m.svelte-kit/output/server/[22m[36mchunks/stores.js                                         [39m[1m[2m  0.52 kB[22m[1m[22m
[2m.svelte-kit/output/server/[22m[36mentries/pages/forgot-password/_page.server.js            [39m[1m[2m  0.55 kB[22m[1m[22m
[2m.svelte-kit/output/server/[22m[36mentries/pages/projects/_projectId_/_page.server.js       [39m[1m[2m  0.56 kB[22m[1m[22m
[2m.svelte-kit/output/server/[22m[36mentries/pages/projects/_page.server.js                   [39m[1m[2m  0.57 kB[22m[1m[22m
[2m.svelte-kit/output/server/[22m[36mchunks/hooks.server.js                                   [39m[1m[2m  0.67 kB[22m[1m[22m
[2m.svelte-kit/output/server/[22m[36mentries/pages/dashboard/profile/edit/_page.server.js     [39m[1m[2m  0.68 kB[22m[1m[22m
[2m.svelte-kit/output/server/[22m[36mentries/pages/blogs/_page.server.js                      [39m[1m[2m  0.69 kB[22m[1m[22m
[2m.svelte-kit/output/server/[22m[36mentries/pages/_layout.server.ts.js                       [39m[1m[2m  0.84 kB[22m[1m[22m
[2m.svelte-kit/output/server/[22m[36mchunks/api.js                                            [39m[1m[2m  0.84 kB[22m[1m[22m
[2m.svelte-kit/output/server/[22m[36mentries/pages/projects/_projectId_/_page.svelte.js       [39m[1m[2m  0.96 kB[22m[1m[22m
[2m.svelte-kit/output/server/[22m[36mchunks/Modal.js                                          [39m[1m[2m  1.03 kB[22m[1m[22m
[2m.svelte-kit/output/server/[22m[36mentries/pages/blogs/_page.svelte.js                      [39m[1m[2m  1.04 kB[22m[1m[22m
[2m.svelte-kit/output/server/[22m[36mentries/pages/dashboard/manager/_page.server.js          [39m[1m[2m  1.17 kB[22m[1m[22m
[2m.svelte-kit/output/server/[22m[36mentries/endpoints/api/_submit_feedback_/_server.js       [39m[1m[2m  1.28 kB[22m[1m[22m
[2m.svelte-kit/output/server/[22m[36mentries/endpoints/api/oauth/google/_server.js            [39m[1m[2m  1.30 kB[22m[1m[22m
[2m.svelte-kit/output/server/[22m[36mchunks/utils.js                                          [39m[1m[2m  1.36 kB[22m[1m[22m
[2m.svelte-kit/output/server/[22m[36mentries/pages/blogs/new/_page.server.js                  [39m[1m[2m  1.37 kB[22m[1m[22m
[2m.svelte-kit/output/server/[22m[36mentries/pages/projects/new/_page.server.js               [39m[1m[2m  1.37 kB[22m[1m[22m
[2m.svelte-kit/output/server/[22m[36mchunks/Icon.js                                           [39m[1m[2m  1.43 kB[22m[1m[22m
[2m.svelte-kit/output/server/[22m[36mentries/pages/dashboard/profile/_page.svelte.js          [39m[1m[2m  1.53 kB[22m[1m[22m
[2m.svelte-kit/output/server/[22m[36mentries/pages/dashboard/profile/account/_page.server.js  [39m[1m[2m  1.58 kB[22m[1m[22m
[2m.svelte-kit/output/server/[22m[36mentries/pages/login/_page.server.js                      [39m[1m[2m  1.71 kB[22m[1m[22m
[2m.svelte-kit/output/server/[22m[36mentries/pages/forgot-password/_page.svelte.js            [39m[1m[2m  2.02 kB[22m[1m[22m
[2m.svelte-kit/output/server/[22m[36mentries/pages/search/_page.svelte.js                     [39m[1m[2m  2.11 kB[22m[1m[22m
[2m.svelte-kit/output/server/[22m[36mchunks/index.js                                          [39m[1m[2m  2.20 kB[22m[1m[22m
[2m.svelte-kit/output/server/[22m[36mchunks/BlogCards.js                                      [39m[1m[2m  2.33 kB[22m[1m[22m
[2m.svelte-kit/output/server/[22m[36mentries/endpoints/sitemap.xml/_server.ts.js              [39m[1m[2m  2.39 kB[22m[1m[22m
[2m.svelte-kit/output/server/[22m[36mchunks/Input.js                                          [39m[1m[2m  2.45 kB[22m[1m[22m
[2m.svelte-kit/output/server/[22m[36mentries/pages/dashboard/profile/preview/_page.svelte.js  [39m[1m[2m  2.56 kB[22m[1m[22m
[2m.svelte-kit/output/server/[22m[36mchunks/index2.js                                         [39m[1m[2m  2.58 kB[22m[1m[22m
[2m.svelte-kit/output/server/[22m[36mentries/pages/_blog_/edit/_page.server.js                [39m[1m[2m  2.60 kB[22m[1m[22m
[2m.svelte-kit/output/server/[22m[36mentries/pages/projects/_projectId_/edit/_page.server.js  [39m[1m[2m  2.60 kB[22m[1m[22m
[2m.svelte-kit/output/server/[22m[36mentries/pages/login/_page.svelte.js                      [39m[1m[2m  2.68 kB[22m[1m[22m
[2m.svelte-kit/output/server/[22m[36mentries/pages/blogs/new/_page.svelte.js                  [39m[1m[2m  2.83 kB[22m[1m[22m
[2m.svelte-kit/output/server/[22m[36mentries/pages/projects/new/_page.svelte.js               [39m[1m[2m  2.83 kB[22m[1m[22m
[2m.svelte-kit/output/server/[22m[36mchunks/chunk-V5U45WB4.js                                 [39m[1m[2m  2.98 kB[22m[1m[22m
[2m.svelte-kit/output/server/[22m[36mentries/pages/signup/_page.svelte.js                     [39m[1m[2m  2.99 kB[22m[1m[22m
[2m.svelte-kit/output/server/[22m[36mchunks/Chat.js                                           [39m[1m[2m  3.20 kB[22m[1m[22m
[2m.svelte-kit/output/server/[22m[36mentries/pages/dashboard/_layout.svelte.js                [39m[1m[2m  3.22 kB[22m[1m[22m
[2m.svelte-kit/output/server/[22m[36mentries/pages/signup/_page.server.js                     [39m[1m[2m  3.23 kB[22m[1m[22m
[2m.svelte-kit/output/server/[22m[36mentries/pages/projects/_page.svelte.js                   [39m[1m[2m  3.31 kB[22m[1m[22m
[2m.svelte-kit/output/server/[22m[36mentries/pages/_blog_/edit/_page.svelte.js                [39m[1m[2m  3.33 kB[22m[1m[22m
[2m.svelte-kit/output/server/[22m[36mentries/pages/projects/_projectId_/edit/_page.svelte.js  [39m[1m[2m  3.36 kB[22m[1m[22m
[2m.svelte-kit/output/server/[22m[36mchunks/Oauth2.js                                         [39m[1m[2m  3.63 kB[22m[1m[22m
[2m.svelte-kit/output/server/[22m[36mentries/pages/pricing/_page.svelte.js                    [39m[1m[2m  3.73 kB[22m[1m[22m
[2m.svelte-kit/output/server/[22m[36mentries/pages/dashboard/profile/edit/_page.svelte.js     [39m[1m[2m  3.90 kB[22m[1m[22m
[2m.svelte-kit/output/server/[22m[36mentries/endpoints/manifest.json/_server.js               [39m[1m[2m  4.28 kB[22m[1m[22m
[2m.svelte-kit/output/server/[22m[36mentries/pages/dashboard/manager/_page.svelte.js          [39m[1m[2m  4.85 kB[22m[1m[22m
[2m.svelte-kit/output/server/[22m[36mentries/pages/contact/_page.svelte.js                    [39m[1m[2m  5.38 kB[22m[1m[22m
[2m.svelte-kit/output/server/[22m[36mentries/pages/dashboard/profile/account/_page.svelte.js  [39m[1m[2m  5.44 kB[22m[1m[22m
[2m.svelte-kit/output/server/[22m[36mchunks/Toaster.svelte_svelte_type_style_lang.js          [39m[1m[2m  6.60 kB[22m[1m[22m
[2m.svelte-kit/output/server/[22m[36mchunks/Search.js                                         [39m[1m[2m  6.73 kB[22m[1m[22m
[2m.svelte-kit/output/server/[22m[36mchunks/ssr.js                                            [39m[1m[2m  7.57 kB[22m[1m[22m
[2m.svelte-kit/output/server/[22m[36mchunks/internal.js                                       [39m[1m[2m  8.98 kB[22m[1m[22m
[2m.svelte-kit/output/server/[22m[36mentries/pages/_page.svelte.js                            [39m[1m[2m  9.70 kB[22m[1m[22m
[2m.svelte-kit/output/server/[22m[36mentries/pages/privacy-policy/_page.svelte.js             [39m[1m[2m  9.78 kB[22m[1m[22m
[2m.svelte-kit/output/server/[22m[36mentries/pages/_layout.svelte.js                          [39m[1m[2m 30.14 kB[22m[1m[22m
[2m.svelte-kit/output/server/[22m[36mchunks/functions.js                                      [39m[1m[2m 45.76 kB[22m[1m[22m
[2m.svelte-kit/output/server/[22m[36mindex.js                                                 [39m[1m[2m 87.11 kB[22m[1m[22m
[2m.svelte-kit/output/server/[22m[36mentries/pages/_blog_/_page.svelte.js                     [39m[1m[2m101.09 kB[22m[1m[22m
[2m.svelte-kit/output/server/[22m[36mentries/pages/_error.svelte.js                           [39m[1m[2m101.52 kB[22m[1m[22m

Run npm run preview to preview your production build locally.

> Using @sveltejs/adapter-auto
  Could not detect a supported production environment. See https://kit.svelte.dev/docs/adapters to learn how to configure your app to run on the platform of your choosing
  ✔ done
[32m✓ built in 48.62s[39m
